models\llm_ngram_service.py:4: error: Cannot find implementation or library stub for module named "openai"  [import-not-found]
models\llm_ngram_service.py:6: error: Unused "type: ignore" comment  [unused-ignore]
ai_typing.py:38: error: Argument 1 to "setWindowFlags" of "QWidget" has incompatible type "int"; expected "WindowFlags | WindowType"  [arg-type]
models\snippet.py:11: error: Invalid type comment or annotation  [valid-type]
models\snippet.py:11: note: Suggestion: use constr[...] instead of constr(...)
web_ui\__init_LLM_ngrams__.py:2: error: Cannot find implementation or library stub for module named "openai"  [import-not-found]
web_ui\__init_LLM_ngrams__.py:8: error: Function is missing a return type annotation  [no-untyped-def]
web_ui\__init_LLM_ngrams__.py:12: error: Function is missing a return type annotation  [no-untyped-def]
api\snippet_graphql.py:4: error: Cannot find implementation or library stub for module named "graphene"  [import-not-found]
api\snippet_graphql.py:4: note: See https://mypy.readthedocs.io/en/stable/running_mypy.html#missing-imports
api\snippet_graphql.py:10: error: Function is missing a return type annotation  [no-untyped-def]
api\snippet_graphql.py:13: error: Class cannot subclass "ObjectType" (has type "Any")  [misc]
api\snippet_graphql.py:19: error: Class cannot subclass "ObjectType" (has type "Any")  [misc]
api\snippet_graphql.py:23: error: Function is missing a type annotation  [no-untyped-def]
api\snippet_graphql.py:24: error: Call to untyped function "get_manager" in typed context  [no-untyped-call]
api\snippet_graphql.py:27: error: Function is missing a type annotation  [no-untyped-def]
api\snippet_graphql.py:28: error: Call to untyped function "get_manager" in typed context  [no-untyped-call]
api\snippet_graphql.py:31: error: Class cannot subclass "Mutation" (has type "Any")  [misc]
api\snippet_graphql.py:38: error: Function is missing a type annotation  [no-untyped-def]
api\snippet_graphql.py:39: error: Call to untyped function "get_manager" in typed context  [no-untyped-call]
api\snippet_graphql.py:44: error: Class cannot subclass "Mutation" (has type "Any")  [misc]
api\snippet_graphql.py:51: error: Function is missing a type annotation  [no-untyped-def]
api\snippet_graphql.py:52: error: Call to untyped function "get_manager" in typed context  [no-untyped-call]
api\snippet_graphql.py:57: error: Class cannot subclass "Mutation" (has type "Any")  [misc]
api\snippet_graphql.py:62: error: Function is missing a type annotation  [no-untyped-def]
api\snippet_graphql.py:63: error: Call to untyped function "get_manager" in typed context  [no-untyped-call]
api\snippet_graphql.py:67: error: Name "Mutation" already defined (possibly by an import)  [no-redef]
api\snippet_graphql.py:67: error: Class cannot subclass "ObjectType" (has type "Any")  [misc]
api\snippet_graphql.py:79: error: Function is missing a return type annotation  [no-untyped-def]
tests\conftest.py:17: error: Function is missing a type annotation for one or more arguments  [no-untyped-def]
tests\conftest.py:31: error: Function is missing a type annotation for one or more arguments  [no-untyped-def]
tests\conftest.py:38: error: Function is missing a return type annotation  [no-untyped-def]
tests\desktop_ui\test_snippet_ui.py:10: error: Function is missing a return type annotation  [no-untyped-def]
tests\desktop_ui\test_snippet_ui.py:13: error: Function is missing a type annotation  [no-untyped-def]
tests\core\test_snippet_model.py:11: error: Function is missing a type annotation  [no-untyped-def]
tests\core\test_snippet_model.py:18: error: Function is missing a type annotation  [no-untyped-def]
tests\core\test_snippet_model.py:23: error: Function is missing a type annotation  [no-untyped-def]
tests\core\test_snippet_model.py:29: error: Function is missing a type annotation  [no-untyped-def]
tests\core\test_snippet_model.py:35: error: Function is missing a type annotation  [no-untyped-def]
tests\core\test_snippet_model.py:42: error: Function is missing a type annotation  [no-untyped-def]
tests\api\test_snippet_graphql.py:10: error: Function is missing a type annotation  [no-untyped-def]
tests\api\test_snippet_graphql.py:14: error: Incompatible types in assignment (expression has type "Callable[[VarArg(Any), KwArg(Any)], FlaskClient]", variable has type "type[FlaskClient] | None")  [assignment]
tests\api\test_snippet_graphql.py:19: error: Function is missing a type annotation  [no-untyped-def]
tests\api\test_snippet_graphql.py:22: error: Function is missing a type annotation  [no-untyped-def]
tests\api\test_snippet_graphql.py:28: error: Function is missing a type annotation  [no-untyped-def]
tests\api\test_snippet_api.py:10: error: Function is missing a type annotation  [no-untyped-def]
tests\api\test_snippet_api.py:16: error: Function is missing a return type annotation  [no-untyped-def]
tests\api\test_snippet_api.py:16: note: Use "-> None" if function does not return a value
tests\api\test_snippet_api.py:21: error: Function is missing a type annotation  [no-untyped-def]
tests\api\test_snippet_api.py:25: error: Function is missing a return type annotation  [no-untyped-def]
tests\api\test_snippet_api.py:29: error: Function is missing a return type annotation  [no-untyped-def]
tests\api\test_snippet_api.py:32: error: Function is missing a type annotation  [no-untyped-def]
tests\api\test_snippet_api.py:36: error: Function is missing a type annotation  [no-untyped-def]
tests\api\test_snippet_api.py:45: error: Call to untyped function "graphql" in typed context  [no-untyped-call]
tests\api\test_snippet_api.py:49: error: Function is missing a type annotation  [no-untyped-def]
tests\api\test_snippet_api.py:59: error: Call to untyped function "graphql" in typed context  [no-untyped-call]
tests\api\test_snippet_api.py:67: error: Call to untyped function "graphql" in typed context  [no-untyped-call]
tests\api\test_snippet_api.py:71: error: Function is missing a type annotation  [no-untyped-def]
tests\api\test_snippet_api.py:81: error: Call to untyped function "graphql" in typed context  [no-untyped-call]
tests\api\test_snippet_api.py:92: error: Call to untyped function "graphql" in typed context  [no-untyped-call]
tests\api\test_snippet_api.py:97: error: Function is missing a type annotation  [no-untyped-def]
tests\api\test_snippet_api.py:107: error: Call to untyped function "graphql" in typed context  [no-untyped-call]
tests\api\test_snippet_api.py:116: error: Call to untyped function "graphql" in typed context  [no-untyped-call]
tests\api\test_snippet_api.py:126: error: Call to untyped function "graphql" in typed context  [no-untyped-call]
Found 61 errors in 10 files (checked 18 source files)
