============================= test session starts =============================
platform win32 -- Python 3.13.2, pytest-8.4.1, pluggy-1.6.0 -- D:\SeanDevLocal\AITypingTrainer\.venv\Scripts\python.exe
cachedir: .pytest_cache
PySide6 6.9.1 -- Qt runtime 6.9.1 -- Qt compiled 6.9.1
rootdir: D:\SeanDevLocal\AITypingTrainer
configfile: pytest.ini
plugins: anyio-4.10.0, cov-6.2.1, mock-3.14.1, qt-4.5.0
collecting ... collected 14 items

tests/models/test_ngram_analytics_service.py::TestDecayingAverageCalculator::test_calculate_decaying_average_basic PASSED [  7%]
tests/models/test_ngram_analytics_service.py::TestDecayingAverageCalculator::test_calculate_decaying_average_single_value PASSED [ 14%]
tests/models/test_ngram_analytics_service.py::TestDecayingAverageCalculator::test_calculate_decaying_average_empty_values PASSED [ 21%]
tests/models/test_ngram_analytics_service.py::TestDecayingAverageCalculator::test_calculate_decaying_average_max_samples PASSED [ 28%]
tests/models/test_ngram_analytics_service.py::TestNGramAnalyticsService::test_init_with_valid_dependencies PASSED [ 35%]
tests/models/test_ngram_analytics_service.py::TestNGramAnalyticsService::test_init_with_none_dependencies PASSED [ 42%]
tests/models/test_ngram_analytics_service.py::TestNGramAnalyticsService::test_refresh_speed_summaries_basic PASSED [ 50%]
tests/models/test_ngram_analytics_service.py::TestNGramAnalyticsService::test_dual_insert_creates_records_in_both_tables PASSED [ 57%]
tests/models/test_ngram_analytics_service.py::TestNGramAnalyticsService::test_history_table_accumulates_all_records PASSED [ 64%]
tests/models/test_ngram_analytics_service.py::TestNGramAnalyticsService::test_get_ngram_history_retrieval PASSED [ 71%]
tests/models/test_ngram_analytics_service.py::TestNGramAnalyticsService::test_history_table_schema_compatibility PASSED [ 78%]
tests/models/test_ngram_analytics_service.py::TestNGramPerformanceData::test_valid_performance_data PASSED [ 85%]
tests/models/test_ngram_analytics_service.py::TestNGramPerformanceData::test_invalid_performance_data PASSED [ 92%]
tests/models/test_ngram_analytics_service.py::TestNGramHeatmapData::test_valid_heatmap_data PASSED [100%]

============================= 14 passed in 2.00s ==============================
