============================= test session starts =============================
platform win32 -- Python 3.13.2, pytest-8.3.5, pluggy-1.5.0 -- D:\SeanDevLocal\AITypingTrainer\.venv\Scripts\python.exe
cachedir: .pytest_cache
PySide6 6.9.1 -- Qt runtime 6.9.1 -- Qt compiled 6.9.1
rootdir: D:\SeanDevLocal\AITypingTrainer
configfile: pytest.ini
plugins: anyio-4.9.0, cov-6.1.1, mock-3.14.0, qt-4.4.0
collecting ... collected 4 items

tests/models/test_llm_ngram_service.py::test_missing_api_key PASSED      [ 25%]
tests/models/test_llm_ngram_service.py::test_invalid_ngrams PASSED       [ 50%]
tests/models/test_llm_ngram_service.py::test_llm_success PASSED          [ 75%]
tests/models/test_llm_ngram_service.py::test_llm_custom_model_and_length PASSED [100%]

============================== 4 passed in 1.50s ==============================
